<?xml version="1.0" encoding="UTF-8"?>
<testng-results skipped="0" failed="0" total="1" passed="1">
  <reporter-output>
  </reporter-output>
  <suite name="Default suite" duration-ms="38209" started-at="2020-12-04T07:28:47Z" finished-at="2020-12-04T07:29:25Z">
    <groups>
    </groups>
    <test name="Default test" duration-ms="38209" started-at="2020-12-04T07:28:47Z" finished-at="2020-12-04T07:29:25Z">
      <class name="factory.Sample2">
        <test-method status="PASS" signature="launch_browser()[pri:0, instance:factory.Sample2@61832929]" name="launch_browser" is-config="true" duration-ms="5689" started-at="2020-12-04T12:58:47Z" finished-at="2020-12-04T12:58:52Z">
          <reporter-output>
          </reporter-output>
        </test-method> <!-- launch_browser -->
        <test-method status="PASS" signature="browser()[pri:0, instance:factory.Sample2@61832929]" name="browser" duration-ms="32512" started-at="2020-12-04T12:58:52Z" finished-at="2020-12-04T12:59:25Z">
          <reporter-output>
          </reporter-output>
        </test-method> <!-- browser -->
      </class> <!-- factory.Sample2 -->
    </test> <!-- Default test -->
  </suite> <!-- Default suite -->
</testng-results>
